{
  "stats": {
    "suites": 3,
    "tests": 43,
    "passes": 39,
    "pending": 0,
    "failures": 4,
    "start": "2025-06-02T08:26:52.814Z",
    "end": "2025-06-02T08:27:54.463Z",
    "duration": 61649,
    "testsRegistered": 43,
    "passPercent": 90.69767441860465,
    "pendingPercent": 0,
    "other": 0,
    "hasOther": false,
    "skipped": 0,
    "hasSkipped": false
  },
  "results": [
    {
      "uuid": "49919cb5-c0ab-4464-af9d-6f29610fc85b",
      "title": "",
      "fullFile": "/Users/yasinsinsek/arctic-tests/tests/tokens/cw721.spec.ts",
      "file": "/tests/tokens/cw721.spec.ts",
      "beforeHooks": [],
      "afterHooks": [],
      "tests": [],
      "suites": [
        {
          "uuid": "198a81cd-fed1-40de-99b9-5129fc36c2c0",
          "title": "CW721 Tests",
          "fullFile": "/Users/yasinsinsek/arctic-tests/tests/tokens/cw721.spec.ts",
          "file": "/tests/tokens/cw721.spec.ts",
          "beforeHooks": [
            {
              "title": "\"before all\" hook: Deploys contracts in \"CW721 Tests\"",
              "fullTitle": "CW721 Tests \"before all\" hook: Deploys contracts in \"CW721 Tests\"",
              "timedOut": false,
              "duration": 18613,
              "state": null,
              "speed": null,
              "pass": false,
              "fail": false,
              "pending": false,
              "context": null,
              "code": "admin=await import_User.UserFactory.createAdminUser(TestConfig);await import_User.UserFactory.fundAdminOnSei();startBlockHeight=(await admin.evmWallet.signingClient.getBlock(\"latest\")).number;[alice,ferdie]=await import_User.UserFactory.createSeiUsers(admin,2);const deployer=new import_Deployer.TokenDeployer(admin);cwContract=await deployer.deployCw721(\"wasm_store/cw2981_royalties.wasm\",{name:\"cw721\",symbol:\"mycw\",minter:admin.seiAddress},\"mycw\");rpcClient=new import_RpcClient.EvmRpcClient(TestConfig.evmRpcEndpoint,admin.evmWallet.signingClient)",
              "err": {},
              "uuid": "20a9714b-dbfb-4b72-8ade-d46c53dfa0cd",
              "parentUUID": "198a81cd-fed1-40de-99b9-5129fc36c2c0",
              "isHook": true,
              "skipped": false
            }
          ],
          "afterHooks": [],
          "tests": [],
          "suites": [
            {
              "uuid": "ec5c951f-a3c8-4808-99dc-1af2bea8522b",
              "title": "Write operations for cw721",
              "fullFile": "/Users/yasinsinsek/arctic-tests/tests/tokens/cw721.spec.ts",
              "file": "/tests/tokens/cw721.spec.ts",
              "beforeHooks": [],
              "afterHooks": [],
              "tests": [
                {
                  "title": "Admin mints an nft",
                  "fullTitle": "CW721 Tests Write operations for cw721 Admin mints an nft",
                  "timedOut": false,
                  "duration": 3024,
                  "state": "passed",
                  "speed": "slow",
                  "pass": true,
                  "fail": false,
                  "pending": false,
                  "context": null,
                  "code": "const mintTx=await cwContract.mintTx(\"1\",admin.seiAddress);const owner=await cwContract.ownerOf(\"1\");(0,import_chai.expect)(owner).to.equal(admin.seiAddress)",
                  "err": {},
                  "uuid": "cc2dce90-4a6d-4d26-b2cf-8bc6d9d2824a",
                  "parentUUID": "ec5c951f-a3c8-4808-99dc-1af2bea8522b",
                  "isHook": false,
                  "skipped": false
                },
                {
                  "title": "Admin transfers one nft to alice",
                  "fullTitle": "CW721 Tests Write operations for cw721 Admin transfers one nft to alice",
                  "timedOut": false,
                  "duration": 3017,
                  "state": "passed",
                  "speed": "slow",
                  "pass": true,
                  "fail": false,
                  "pending": false,
                  "context": null,
                  "code": "const transferTx=await cwContract.safeTransferFrom(admin.seiAddress,alice.seiAddress,\"1\");const newOwner=await cwContract.ownerOf(\"1\");(0,import_chai.expect)(newOwner).to.equal(alice.seiAddress)",
                  "err": {},
                  "uuid": "723a6920-087a-47ce-b465-42dcb8aa585d",
                  "parentUUID": "ec5c951f-a3c8-4808-99dc-1af2bea8522b",
                  "isHook": false,
                  "skipped": false
                },
                {
                  "title": "Admin mints multiple nfts in a single block",
                  "fullTitle": "CW721 Tests Write operations for cw721 Admin mints multiple nfts in a single block",
                  "timedOut": false,
                  "duration": 3023,
                  "state": "passed",
                  "speed": "slow",
                  "pass": true,
                  "fail": false,
                  "pending": false,
                  "context": null,
                  "code": "const transferTx=await cwContract.mintMultiple([\"2\",\"3\",\"4\"],[alice.seiAddress,alice.seiAddress,ferdie.seiAddress]);(0,import_chai.expect)(await cwContract.ownerOf(\"2\")).to.equal(alice.seiAddress);(0,import_chai.expect)(await cwContract.ownerOf(\"3\")).to.equal(alice.seiAddress);(0,import_chai.expect)(await cwContract.ownerOf(\"4\")).to.equal(ferdie.seiAddress)",
                  "err": {},
                  "uuid": "457ac1d1-4f7a-462a-8615-68ef5b1fbfbd",
                  "parentUUID": "ec5c951f-a3c8-4808-99dc-1af2bea8522b",
                  "isHook": false,
                  "skipped": false
                },
                {
                  "title": "Admin mints another nft",
                  "fullTitle": "CW721 Tests Write operations for cw721 Admin mints another nft",
                  "timedOut": false,
                  "duration": 3033,
                  "state": "passed",
                  "speed": "slow",
                  "pass": true,
                  "fail": false,
                  "pending": false,
                  "context": null,
                  "code": "const transferTx=await cwContract.mintTx(\"5\",admin.seiAddress);const owner=await cwContract.ownerOf(\"5\");(0,import_chai.expect)(owner).to.equal(admin.seiAddress);endBlockHeight=(await admin.evmWallet.signingClient.getBlock(\"latest\")).number",
                  "err": {},
                  "uuid": "b2236e95-c8fc-4f09-9108-797ba1ae11bc",
                  "parentUUID": "ec5c951f-a3c8-4808-99dc-1af2bea8522b",
                  "isHook": false,
                  "skipped": false
                },
                {
                  "title": "Admin mints another nft for unassociated user",
                  "fullTitle": "CW721 Tests Write operations for cw721 Admin mints another nft for unassociated user",
                  "timedOut": false,
                  "duration": 5010,
                  "state": "passed",
                  "speed": "slow",
                  "pass": true,
                  "fail": false,
                  "pending": false,
                  "context": null,
                  "code": "unassociatedUser=await import_User.UserFactory.createUnassociatedUsers(admin);await cwContract.mintTx(\"6\",unassociatedUser.seiAddress);(0,import_chai.expect)(await cwContract.ownerOf(\"6\")).to.be.eq(unassociatedUser.seiAddress)",
                  "err": {},
                  "uuid": "2fc7dae0-f3b1-45dd-a636-7daeb1987202",
                  "parentUUID": "ec5c951f-a3c8-4808-99dc-1af2bea8522b",
                  "isHook": false,
                  "skipped": false
                },
                {
                  "title": "Admin approves nft transfer for alice",
                  "fullTitle": "CW721 Tests Write operations for cw721 Admin approves nft transfer for alice",
                  "timedOut": false,
                  "duration": 9124,
                  "state": "passed",
                  "speed": "slow",
                  "pass": true,
                  "fail": false,
                  "pending": false,
                  "context": null,
                  "code": "await cwContract.approve(alice.seiAddress,\"5\");(0,import_chai.expect)(await cwContract.getApproved(\"5\",alice.seiAddress)).to.be.eq(alice.seiAddress);await cwContract.mintTx(\"7\",admin.seiAddress);await cwContract.approve(unassociatedUser.seiAddress,\"7\")",
                  "err": {},
                  "uuid": "e27a3549-4e95-44b3-980b-aa4e8bdc660b",
                  "parentUUID": "ec5c951f-a3c8-4808-99dc-1af2bea8522b",
                  "isHook": false,
                  "skipped": false
                },
                {
                  "title": "Before pointer deployment, sei_getLogs wont return any info",
                  "fullTitle": "CW721 Tests Write operations for cw721 Before pointer deployment, sei_getLogs wont return any info",
                  "timedOut": false,
                  "duration": 11,
                  "state": "passed",
                  "speed": "fast",
                  "pass": true,
                  "fail": false,
                  "pending": false,
                  "context": null,
                  "code": "const results=await rpcClient.checkAndReturnRpcResultsForBlock(startBlockHeight,endBlockHeight,endpoint,\"\",topic);(0,import_chai.expect)(results.length).to.be.eq(0)",
                  "err": {},
                  "uuid": "1baeba55-7dc0-4df7-86e5-6957c2ca51d4",
                  "parentUUID": "ec5c951f-a3c8-4808-99dc-1af2bea8522b",
                  "isHook": false,
                  "skipped": false
                },
                {
                  "title": "Before pointer deployment, sei_getFilterLogs wont return any info",
                  "fullTitle": "CW721 Tests Write operations for cw721 Before pointer deployment, sei_getFilterLogs wont return any info",
                  "timedOut": false,
                  "duration": 6,
                  "state": "passed",
                  "speed": "fast",
                  "pass": true,
                  "fail": false,
                  "pending": false,
                  "context": null,
                  "code": "const results=await rpcClient.checkAndReturnRpcResultsForBlock(startBlockHeight,endBlockHeight,endpoint,\"\",topic);(0,import_chai.expect)(results.length).to.be.eq(0)",
                  "err": {},
                  "uuid": "a5a82b9c-9218-4fd5-8251-aeb300f2359f",
                  "parentUUID": "ec5c951f-a3c8-4808-99dc-1af2bea8522b",
                  "isHook": false,
                  "skipped": false
                },
                {
                  "title": "Before pointer deployment, sei_getBlockByHash wont return any info",
                  "fullTitle": "CW721 Tests Write operations for cw721 Before pointer deployment, sei_getBlockByHash wont return any info",
                  "timedOut": false,
                  "duration": 19,
                  "state": "passed",
                  "speed": "fast",
                  "pass": true,
                  "fail": false,
                  "pending": false,
                  "context": null,
                  "code": "const results=await rpcClient.checkAndReturnRpcResultsForBlock(startBlockHeight,endBlockHeight,endpoint,\"\",topic);(0,import_chai.expect)(results.length).to.be.eq(0)",
                  "err": {},
                  "uuid": "cf0f0353-6efa-4e29-97df-c0cca3bf4e2d",
                  "parentUUID": "ec5c951f-a3c8-4808-99dc-1af2bea8522b",
                  "isHook": false,
                  "skipped": false
                },
                {
                  "title": "Before pointer deployment, sei_getBlockByNumber wont return any info",
                  "fullTitle": "CW721 Tests Write operations for cw721 Before pointer deployment, sei_getBlockByNumber wont return any info",
                  "timedOut": false,
                  "duration": 5,
                  "state": "passed",
                  "speed": "fast",
                  "pass": true,
                  "fail": false,
                  "pending": false,
                  "context": null,
                  "code": "const results=await rpcClient.checkAndReturnRpcResultsForBlock(startBlockHeight,endBlockHeight,endpoint,\"\",topic);(0,import_chai.expect)(results.length).to.be.eq(0)",
                  "err": {},
                  "uuid": "10f548b2-c788-4681-9e96-322e4382252c",
                  "parentUUID": "ec5c951f-a3c8-4808-99dc-1af2bea8522b",
                  "isHook": false,
                  "skipped": false
                },
                {
                  "title": "Before pointer deployment, eth_getLogs wont return any info",
                  "fullTitle": "CW721 Tests Write operations for cw721 Before pointer deployment, eth_getLogs wont return any info",
                  "timedOut": false,
                  "duration": 5,
                  "state": "passed",
                  "speed": "fast",
                  "pass": true,
                  "fail": false,
                  "pending": false,
                  "context": null,
                  "code": "const results=await rpcClient.checkAndReturnRpcResultsForBlock(startBlockHeight,endBlockHeight,endpoint,\"\",topic);(0,import_chai.expect)(results.length).to.be.eq(0)",
                  "err": {},
                  "uuid": "aa0fe824-9d5f-4137-9f6f-bcd24b5fd58f",
                  "parentUUID": "ec5c951f-a3c8-4808-99dc-1af2bea8522b",
                  "isHook": false,
                  "skipped": false
                },
                {
                  "title": "Before pointer deployment, eth_getFilterLogs wont return any info",
                  "fullTitle": "CW721 Tests Write operations for cw721 Before pointer deployment, eth_getFilterLogs wont return any info",
                  "timedOut": false,
                  "duration": 10,
                  "state": "passed",
                  "speed": "fast",
                  "pass": true,
                  "fail": false,
                  "pending": false,
                  "context": null,
                  "code": "const results=await rpcClient.checkAndReturnRpcResultsForBlock(startBlockHeight,endBlockHeight,endpoint,\"\",topic);(0,import_chai.expect)(results.length).to.be.eq(0)",
                  "err": {},
                  "uuid": "966f491a-918e-464f-878f-6f809fc00693",
                  "parentUUID": "ec5c951f-a3c8-4808-99dc-1af2bea8522b",
                  "isHook": false,
                  "skipped": false
                },
                {
                  "title": "Before pointer deployment, eth_getBlockByHash wont return any info",
                  "fullTitle": "CW721 Tests Write operations for cw721 Before pointer deployment, eth_getBlockByHash wont return any info",
                  "timedOut": false,
                  "duration": 17,
                  "state": "passed",
                  "speed": "fast",
                  "pass": true,
                  "fail": false,
                  "pending": false,
                  "context": null,
                  "code": "const results=await rpcClient.checkAndReturnRpcResultsForBlock(startBlockHeight,endBlockHeight,endpoint,\"\",topic);(0,import_chai.expect)(results.length).to.be.eq(0)",
                  "err": {},
                  "uuid": "49f72eba-6331-4161-89e0-b798ab8ade44",
                  "parentUUID": "ec5c951f-a3c8-4808-99dc-1af2bea8522b",
                  "isHook": false,
                  "skipped": false
                },
                {
                  "title": "Before pointer deployment, eth_getBlockByNumber wont return any info",
                  "fullTitle": "CW721 Tests Write operations for cw721 Before pointer deployment, eth_getBlockByNumber wont return any info",
                  "timedOut": false,
                  "duration": 4,
                  "state": "passed",
                  "speed": "fast",
                  "pass": true,
                  "fail": false,
                  "pending": false,
                  "context": null,
                  "code": "const results=await rpcClient.checkAndReturnRpcResultsForBlock(startBlockHeight,endBlockHeight,endpoint,\"\",topic);(0,import_chai.expect)(results.length).to.be.eq(0)",
                  "err": {},
                  "uuid": "11777b96-61df-4d1b-ba11-0248382e2fb3",
                  "parentUUID": "ec5c951f-a3c8-4808-99dc-1af2bea8522b",
                  "isHook": false,
                  "skipped": false
                },
                {
                  "title": "Before pointer deployment debug traceBlock wont return any txs",
                  "fullTitle": "CW721 Tests Write operations for cw721 Before pointer deployment debug traceBlock wont return any txs",
                  "timedOut": false,
                  "duration": 423,
                  "state": "passed",
                  "speed": "slow",
                  "pass": true,
                  "fail": false,
                  "pending": false,
                  "context": null,
                  "code": "for(let i=startBlockHeight;i<=endBlockHeight;i++){const debugResult=await rpcClient.debugTraceByBlockNumber(import_ethers.ethers.toQuantity(i));(0,import_chai.expect)(debugResult.length).to.be.eq(0)}",
                  "err": {},
                  "uuid": "cb053406-5f20-4acf-8474-a29cb6bc858e",
                  "parentUUID": "ec5c951f-a3c8-4808-99dc-1af2bea8522b",
                  "isHook": false,
                  "skipped": false
                },
                {
                  "title": "Deploys a pointer for cw721 contract",
                  "fullTitle": "CW721 Tests Write operations for cw721 Deploys a pointer for cw721 contract",
                  "timedOut": false,
                  "duration": 1369,
                  "state": "passed",
                  "speed": "slow",
                  "pass": true,
                  "fail": false,
                  "pending": false,
                  "context": null,
                  "code": "const cw721Pointer=await cwContract.deployPointer(admin.evmRpcEndpoint);(0,import_chai.expect)(cw721Pointer).to.not.be.null;await(0,import_helpers.waitFor)(1);const pointerContractAddress=await cwContract.queryPointerAddress();erc721PointerContract=new import_ethers.ethers.Contract(pointerContractAddress,import_CW721ERC721Pointer.default.abi,admin.evmWallet.signingClient)",
                  "err": {},
                  "uuid": "0caa2be7-59c5-402a-92ae-321133451742",
                  "parentUUID": "ec5c951f-a3c8-4808-99dc-1af2bea8522b",
                  "isHook": false,
                  "skipped": false
                },
                {
                  "title": "State is kept on wasm after pointer deployment",
                  "fullTitle": "CW721 Tests Write operations for cw721 State is kept on wasm after pointer deployment",
                  "timedOut": false,
                  "duration": 9,
                  "state": "passed",
                  "speed": "fast",
                  "pass": true,
                  "fail": false,
                  "pending": false,
                  "context": null,
                  "code": "(0,import_chai.expect)(await cwContract.ownerOf(\"1\")).to.be.eq(alice.seiAddress);(0,import_chai.expect)(await cwContract.ownerOf(\"2\")).to.be.eq(alice.seiAddress);(0,import_chai.expect)(await cwContract.ownerOf(\"3\")).to.be.eq(alice.seiAddress);(0,import_chai.expect)(await cwContract.ownerOf(\"4\")).to.be.eq(ferdie.seiAddress);(0,import_chai.expect)(await cwContract.ownerOf(\"5\")).to.be.eq(admin.seiAddress);(0,import_chai.expect)(await cwContract.ownerOf(\"6\")).to.be.eq(unassociatedUser.seiAddress)",
                  "err": {},
                  "uuid": "b6d0bac0-fb9d-418d-ab5f-b2b6f18d9e33",
                  "parentUUID": "ec5c951f-a3c8-4808-99dc-1af2bea8522b",
                  "isHook": false,
                  "skipped": false
                },
                {
                  "title": "State is migrated on evm side after deployment",
                  "fullTitle": "CW721 Tests Write operations for cw721 State is migrated on evm side after deployment",
                  "timedOut": false,
                  "duration": 93,
                  "state": "passed",
                  "speed": "slow",
                  "pass": true,
                  "fail": false,
                  "pending": false,
                  "context": null,
                  "code": "(0,import_chai.expect)(await erc721PointerContract.ownerOf(\"1\")).to.be.eq(alice.evmAddress);(0,import_chai.expect)(await erc721PointerContract.ownerOf(\"2\")).to.be.eq(alice.evmAddress);(0,import_chai.expect)(await erc721PointerContract.ownerOf(\"3\")).to.be.eq(alice.evmAddress);(0,import_chai.expect)(await erc721PointerContract.ownerOf(\"4\")).to.be.eq(ferdie.evmAddress);(0,import_chai.expect)(await erc721PointerContract.ownerOf(\"5\")).to.be.eq(admin.evmAddress);try{(0,import_chai.expect)(await erc721PointerContract.ownerOf(\"6\")).to.be.eq(unassociatedUser.evmAddress);throw new Error(\"Should fail\")}catch(e){(0,import_chai.expect)(e.message).to.not.eq(\"Should fail\")}",
                  "err": {},
                  "uuid": "96c42098-21be-4db5-83e8-a04b63744c59",
                  "parentUUID": "ec5c951f-a3c8-4808-99dc-1af2bea8522b",
                  "isHook": false,
                  "skipped": false
                },
                {
                  "title": "Approvals are migrated on evm runtime",
                  "fullTitle": "CW721 Tests Write operations for cw721 Approvals are migrated on evm runtime",
                  "timedOut": false,
                  "duration": 15,
                  "state": "passed",
                  "speed": "fast",
                  "pass": true,
                  "fail": false,
                  "pending": false,
                  "context": null,
                  "code": "(0,import_chai.expect)(await erc721PointerContract.getApproved(\"5\")).to.be.eq(alice.evmAddress)",
                  "err": {},
                  "uuid": "22883e47-572d-4b30-8fc2-d078372f9220",
                  "parentUUID": "ec5c951f-a3c8-4808-99dc-1af2bea8522b",
                  "isHook": false,
                  "skipped": false
                },
                {
                  "title": "After association nft ownership can be queried on evm side",
                  "fullTitle": "CW721 Tests Write operations for cw721 After association nft ownership can be queried on evm side",
                  "timedOut": false,
                  "duration": 3041,
                  "state": "passed",
                  "speed": "slow",
                  "pass": true,
                  "fail": false,
                  "pending": false,
                  "context": null,
                  "code": "try{await erc721PointerContract.getApproved(\"7\");throw new Error(\"Should fail\")}catch(e){(0,import_chai.expect)(e.message).to.not.eq(\"Should fail\")}await unassociatedUser.seiWallet.associate();(0,import_chai.expect)(await erc721PointerContract.ownerOf(\"6\")).to.be.eq(unassociatedUser.evmAddress)",
                  "err": {},
                  "uuid": "5a6064a1-bc3d-4eb7-a25f-1cc9cf08af74",
                  "parentUUID": "ec5c951f-a3c8-4808-99dc-1af2bea8522b",
                  "isHook": false,
                  "skipped": false
                },
                {
                  "title": "After association nft approvals can be queried on evm side",
                  "fullTitle": "CW721 Tests Write operations for cw721 After association nft approvals can be queried on evm side",
                  "timedOut": false,
                  "duration": 15,
                  "state": "passed",
                  "speed": "fast",
                  "pass": true,
                  "fail": false,
                  "pending": false,
                  "context": null,
                  "code": "(0,import_chai.expect)(await erc721PointerContract.getApproved(\"7\")).to.be.eq(unassociatedUser.evmAddress)",
                  "err": {},
                  "uuid": "4df28d88-2138-4b27-9e85-e0d3ab8d077b",
                  "parentUUID": "ec5c951f-a3c8-4808-99dc-1af2bea8522b",
                  "isHook": false,
                  "skipped": false
                },
                {
                  "title": "Alice cant safe transfer from an nft on evm side",
                  "fullTitle": "CW721 Tests Write operations for cw721 Alice cant safe transfer from an nft on evm side",
                  "timedOut": false,
                  "duration": 81,
                  "state": "passed",
                  "speed": "slow",
                  "pass": true,
                  "fail": false,
                  "pending": false,
                  "context": null,
                  "code": "try{const encodeTx=erc721PointerContract.connect(alice.evmWallet.wallet).interface.encodeFunctionData(\"safeTransferFrom(address,address,uint256)\",[admin.evmAddress,alice.evmAddress,\"6\"]);const signedTx=await import_TxBuilder.AtomicTxSender.signEvmTransaction(alice,erc721PointerContract.target,encodeTx);const broadcastResult=await admin.evmWallet.signingClient.broadcastTransaction(signedTx)}catch(e){console.log(e);return}",
                  "err": {},
                  "uuid": "11efd35c-c633-4f55-9879-c6a3c207d620",
                  "parentUUID": "ec5c951f-a3c8-4808-99dc-1af2bea8522b",
                  "isHook": false,
                  "skipped": false
                },
                {
                  "title": "User transfers nft on cosmos runtime",
                  "fullTitle": "CW721 Tests Write operations for cw721 User transfers nft on cosmos runtime",
                  "timedOut": false,
                  "duration": 3036,
                  "state": "passed",
                  "speed": "slow",
                  "pass": true,
                  "fail": false,
                  "pending": false,
                  "context": null,
                  "code": "cwContract.setSigner(alice);await cwContract.safeTransferFrom(alice.seiAddress,admin.seiAddress,\"1\");(0,import_chai.expect)(await cwContract.ownerOf(\"1\")).to.be.eq(admin.seiAddress);(0,import_chai.expect)(await erc721PointerContract.ownerOf(\"1\")).to.be.eq(admin.evmAddress);cwContract.setSigner(admin)",
                  "err": {},
                  "uuid": "8b661037-cc01-4879-8011-15a61a4f4f57",
                  "parentUUID": "ec5c951f-a3c8-4808-99dc-1af2bea8522b",
                  "isHook": false,
                  "skipped": false
                },
                {
                  "title": "User can transfer nft on evm runtime",
                  "fullTitle": "CW721 Tests Write operations for cw721 User can transfer nft on evm runtime",
                  "timedOut": false,
                  "duration": 4217,
                  "state": "passed",
                  "speed": "slow",
                  "pass": true,
                  "fail": false,
                  "pending": false,
                  "context": null,
                  "code": "const tx=await erc721PointerContract.connect(admin.evmWallet.wallet).transferFrom(admin.evmAddress,alice.evmAddress,\"1\");const receipt=await tx.wait();(0,import_chai.expect)(await cwContract.ownerOf(\"1\")).to.be.eq(alice.seiAddress)",
                  "err": {},
                  "uuid": "98b67c0c-0e8c-4dc8-bf60-862523dddd73",
                  "parentUUID": "ec5c951f-a3c8-4808-99dc-1af2bea8522b",
                  "isHook": false,
                  "skipped": false
                },
                {
                  "title": "Given that multiple evm txs on a same block, state is kept correctly",
                  "fullTitle": "CW721 Tests Write operations for cw721 Given that multiple evm txs on a same block, state is kept correctly",
                  "timedOut": false,
                  "duration": 1158,
                  "state": "passed",
                  "speed": "slow",
                  "pass": true,
                  "fail": false,
                  "pending": false,
                  "context": null,
                  "code": "const encodedCall1=erc721PointerContract.connect(alice.evmWallet.wallet).interface.encodeFunctionData(\"safeTransferFrom(address,address,uint256)\",[alice.evmAddress,admin.evmAddress,\"1\"]);const encodedCall2=erc721PointerContract.connect(admin.evmWallet.wallet).interface.encodeFunctionData(\"safeTransferFrom(address,address,uint256)\",[admin.evmAddress,alice.evmAddress,\"5\"]);const signed=await import_TxBuilder.AtomicTxSender.signEvmTransaction(alice,erc721PointerContract.target,encodedCall1);const signed2=await import_TxBuilder.AtomicTxSender.signEvmTransaction(admin,erc721PointerContract.target,encodedCall2);const results=await import_TxBuilder.AtomicTxSender.sendMultipleEvmTxs([signed,signed2],admin.evmRpcEndpoint,admin);await(0,import_helpers.waitFor)(1);(0,import_chai.expect)(await cwContract.ownerOf(\"1\")).to.be.eq(admin.seiAddress);(0,import_chai.expect)(await cwContract.ownerOf(\"5\")).to.be.eq(alice.seiAddress);(0,import_chai.expect)(await erc721PointerContract.ownerOf(\"1\")).to.be.eq(admin.evmAddress);(0,import_chai.expect)(await erc721PointerContract.ownerOf(\"5\")).to.be.eq(alice.evmAddress)",
                  "err": {},
                  "uuid": "f878ad4f-e032-4180-a79c-564567c0ba74",
                  "parentUUID": "ec5c951f-a3c8-4808-99dc-1af2bea8522b",
                  "isHook": false,
                  "skipped": false
                },
                {
                  "title": "Same user sends transfer tx on cosmos and one on evm runtime in the same block",
                  "fullTitle": "CW721 Tests Write operations for cw721 Same user sends transfer tx on cosmos and one on evm runtime in the same block",
                  "timedOut": false,
                  "duration": 3114,
                  "state": "passed",
                  "speed": "slow",
                  "pass": true,
                  "fail": false,
                  "pending": false,
                  "context": null,
                  "code": "const encodedCall1=erc721PointerContract.connect(alice.evmWallet.wallet).interface.encodeFunctionData(\"safeTransferFrom(address,address,uint256)\",[alice.evmAddress,admin.evmAddress,\"5\"]);const signedCall=await import_TxBuilder.AtomicTxSender.signEvmTransaction(alice,erc721PointerContract.target,encodedCall1,false);const delayed=__name(async()=>{await(0,import_helpers.waitFor)(.1);return import_TxBuilder.AtomicTxSender.sendRawTransaction(admin.evmRpcEndpoint,signedCall,admin)},\"delayed\");cwContract.setSigner(alice);const results=await Promise.all([cwContract.safeTransferFrom(alice.seiAddress,admin.seiAddress,\"2\"),delayed()]);console.log(results);cwContract.setSigner(admin);evmAndCosmosBlockHeight=results[0].height;(0,import_chai.expect)(await cwContract.ownerOf(\"2\")).to.be.eq(admin.seiAddress);(0,import_chai.expect)(await erc721PointerContract.ownerOf(\"2\")).to.be.eq(admin.evmAddress);(0,import_chai.expect)(await cwContract.ownerOf(\"5\")).to.be.eq(admin.seiAddress);(0,import_chai.expect)(await erc721PointerContract.ownerOf(\"5\")).to.be.eq(admin.evmAddress)",
                  "err": {},
                  "uuid": "65118030-c059-4749-b6e7-c480267b03ab",
                  "parentUUID": "ec5c951f-a3c8-4808-99dc-1af2bea8522b",
                  "isHook": false,
                  "skipped": false
                }
              ],
              "suites": [],
              "passes": [
                "cc2dce90-4a6d-4d26-b2cf-8bc6d9d2824a",
                "723a6920-087a-47ce-b465-42dcb8aa585d",
                "457ac1d1-4f7a-462a-8615-68ef5b1fbfbd",
                "b2236e95-c8fc-4f09-9108-797ba1ae11bc",
                "2fc7dae0-f3b1-45dd-a636-7daeb1987202",
                "e27a3549-4e95-44b3-980b-aa4e8bdc660b",
                "1baeba55-7dc0-4df7-86e5-6957c2ca51d4",
                "a5a82b9c-9218-4fd5-8251-aeb300f2359f",
                "cf0f0353-6efa-4e29-97df-c0cca3bf4e2d",
                "10f548b2-c788-4681-9e96-322e4382252c",
                "aa0fe824-9d5f-4137-9f6f-bcd24b5fd58f",
                "966f491a-918e-464f-878f-6f809fc00693",
                "49f72eba-6331-4161-89e0-b798ab8ade44",
                "11777b96-61df-4d1b-ba11-0248382e2fb3",
                "cb053406-5f20-4acf-8474-a29cb6bc858e",
                "0caa2be7-59c5-402a-92ae-321133451742",
                "b6d0bac0-fb9d-418d-ab5f-b2b6f18d9e33",
                "96c42098-21be-4db5-83e8-a04b63744c59",
                "22883e47-572d-4b30-8fc2-d078372f9220",
                "5a6064a1-bc3d-4eb7-a25f-1cc9cf08af74",
                "4df28d88-2138-4b27-9e85-e0d3ab8d077b",
                "11efd35c-c633-4f55-9879-c6a3c207d620",
                "8b661037-cc01-4879-8011-15a61a4f4f57",
                "98b67c0c-0e8c-4dc8-bf60-862523dddd73",
                "f878ad4f-e032-4180-a79c-564567c0ba74",
                "65118030-c059-4749-b6e7-c480267b03ab"
              ],
              "failures": [],
              "pending": [],
              "skipped": [],
              "duration": 42879,
              "root": false,
              "rootEmpty": false,
              "_timeout": 600000
            },
            {
              "uuid": "462814de-7d6c-47a1-ac1c-ed85d1624b93",
              "title": "Read operations for cw721",
              "fullFile": "/Users/yasinsinsek/arctic-tests/tests/tokens/cw721.spec.ts",
              "file": "/tests/tokens/cw721.spec.ts",
              "beforeHooks": [],
              "afterHooks": [],
              "tests": [
                {
                  "title": "After pointer registration synthetic events will be available on synthetic endpoint sei_getLogs",
                  "fullTitle": "CW721 Tests Read operations for cw721 After pointer registration synthetic events will be available on synthetic endpoint sei_getLogs",
                  "timedOut": false,
                  "duration": 6,
                  "state": "passed",
                  "speed": "fast",
                  "pass": true,
                  "fail": false,
                  "pending": false,
                  "context": null,
                  "code": "const results=await rpcClient.checkAndReturnRpcResultsForBlock(evmAndCosmosBlockHeight-2,evmAndCosmosBlockHeight,endpoint,erc721PointerContract.target,topic);(0,import_chai.expect)(results.length).to.be.eq(2);if(endpoint.includes(\"Logs\")){results.forEach(result=>{(0,import_chai.expect)(result.address).to.be.eq(erc721PointerContract.target.toLowerCase());(0,import_chai.expect)(result.topics.length).to.be.eq(4);(0,import_chai.expect)(result.topics[0]).to.be.eq(topic.toLowerCase());(0,import_chai.expect)(import_ethers.ethers.getAddress(result.topics[1].slice(-40))).to.be.eq(alice.evmAddress);(0,import_chai.expect)(import_ethers.ethers.getAddress(result.topics[2].slice(-40))).to.be.eq(admin.evmAddress);(0,import_chai.expect)(import_ethers.ethers.getNumber(result.topics[3])).to.be.oneOf([2,5]);transactionIndexes[result.transactionHash]={\"transactionIndex\":result.transactionIndex,\"blockNumber\":result.blockNumber,\"blockHash\":result.blockHash,\"from\":import_ethers.ethers.getAddress(result.topics[1].slice(-40)),\"to\":import_ethers.ethers.getAddress(result.address.slice(-40))}})}else{const searchedTxs=results.filter(result=>result.from===alice.evmAddress.toLowerCase());searchedTxs.forEach(result=>{(0,import_chai.expect)(result.from).to.be.eq(alice.evmAddress.toLowerCase());(0,import_chai.expect)(result.to).to.be.eq(erc721PointerContract.target.toLowerCase())})}",
                  "err": {},
                  "uuid": "a7667775-58cc-4e72-829f-b00557bdf8fa",
                  "parentUUID": "462814de-7d6c-47a1-ac1c-ed85d1624b93",
                  "isHook": false,
                  "skipped": false
                },
                {
                  "title": "After pointer registration synthetic events will be available on synthetic endpoint sei_getFilterLogs",
                  "fullTitle": "CW721 Tests Read operations for cw721 After pointer registration synthetic events will be available on synthetic endpoint sei_getFilterLogs",
                  "timedOut": false,
                  "duration": 7,
                  "state": "passed",
                  "speed": "fast",
                  "pass": true,
                  "fail": false,
                  "pending": false,
                  "context": null,
                  "code": "const results=await rpcClient.checkAndReturnRpcResultsForBlock(evmAndCosmosBlockHeight-2,evmAndCosmosBlockHeight,endpoint,erc721PointerContract.target,topic);(0,import_chai.expect)(results.length).to.be.eq(2);if(endpoint.includes(\"Logs\")){results.forEach(result=>{(0,import_chai.expect)(result.address).to.be.eq(erc721PointerContract.target.toLowerCase());(0,import_chai.expect)(result.topics.length).to.be.eq(4);(0,import_chai.expect)(result.topics[0]).to.be.eq(topic.toLowerCase());(0,import_chai.expect)(import_ethers.ethers.getAddress(result.topics[1].slice(-40))).to.be.eq(alice.evmAddress);(0,import_chai.expect)(import_ethers.ethers.getAddress(result.topics[2].slice(-40))).to.be.eq(admin.evmAddress);(0,import_chai.expect)(import_ethers.ethers.getNumber(result.topics[3])).to.be.oneOf([2,5]);transactionIndexes[result.transactionHash]={\"transactionIndex\":result.transactionIndex,\"blockNumber\":result.blockNumber,\"blockHash\":result.blockHash,\"from\":import_ethers.ethers.getAddress(result.topics[1].slice(-40)),\"to\":import_ethers.ethers.getAddress(result.address.slice(-40))}})}else{const searchedTxs=results.filter(result=>result.from===alice.evmAddress.toLowerCase());searchedTxs.forEach(result=>{(0,import_chai.expect)(result.from).to.be.eq(alice.evmAddress.toLowerCase());(0,import_chai.expect)(result.to).to.be.eq(erc721PointerContract.target.toLowerCase())})}",
                  "err": {},
                  "uuid": "a5142d11-c274-434a-9918-04bb7747854b",
                  "parentUUID": "462814de-7d6c-47a1-ac1c-ed85d1624b93",
                  "isHook": false,
                  "skipped": false
                },
                {
                  "title": "After pointer registration synthetic events will be available on synthetic endpoint sei_getBlockByHash",
                  "fullTitle": "CW721 Tests Read operations for cw721 After pointer registration synthetic events will be available on synthetic endpoint sei_getBlockByHash",
                  "timedOut": false,
                  "duration": 17,
                  "state": "failed",
                  "speed": null,
                  "pass": false,
                  "fail": true,
                  "pending": false,
                  "context": null,
                  "code": "const results=await rpcClient.checkAndReturnRpcResultsForBlock(evmAndCosmosBlockHeight-2,evmAndCosmosBlockHeight,endpoint,erc721PointerContract.target,topic);(0,import_chai.expect)(results.length).to.be.eq(2);if(endpoint.includes(\"Logs\")){results.forEach(result=>{(0,import_chai.expect)(result.address).to.be.eq(erc721PointerContract.target.toLowerCase());(0,import_chai.expect)(result.topics.length).to.be.eq(4);(0,import_chai.expect)(result.topics[0]).to.be.eq(topic.toLowerCase());(0,import_chai.expect)(import_ethers.ethers.getAddress(result.topics[1].slice(-40))).to.be.eq(alice.evmAddress);(0,import_chai.expect)(import_ethers.ethers.getAddress(result.topics[2].slice(-40))).to.be.eq(admin.evmAddress);(0,import_chai.expect)(import_ethers.ethers.getNumber(result.topics[3])).to.be.oneOf([2,5]);transactionIndexes[result.transactionHash]={\"transactionIndex\":result.transactionIndex,\"blockNumber\":result.blockNumber,\"blockHash\":result.blockHash,\"from\":import_ethers.ethers.getAddress(result.topics[1].slice(-40)),\"to\":import_ethers.ethers.getAddress(result.address.slice(-40))}})}else{const searchedTxs=results.filter(result=>result.from===alice.evmAddress.toLowerCase());searchedTxs.forEach(result=>{(0,import_chai.expect)(result.from).to.be.eq(alice.evmAddress.toLowerCase());(0,import_chai.expect)(result.to).to.be.eq(erc721PointerContract.target.toLowerCase())})}",
                  "err": {
                    "message": "AssertionError: expected '0x4275e6d5c3d64ce5f71589a4b67e66590fc…' to equal '0x7168634dd1ee48b1c5cc32b27fd8fc84e12…'",
                    "estack": "AssertionError: expected '0x4275e6d5c3d64ce5f71589a4b67e66590fc…' to equal '0x7168634dd1ee48b1c5cc32b27fd8fc84e12…'\n    at <anonymous> (tests/tokens/cw721.spec.ts:245:49)\n    at Array.forEach (<anonymous>)\n    at Context.<anonymous> (tests/tokens/cw721.spec.ts:243:33)\n    at process.processTicksAndRejections (node:internal/process/task_queues:105:5)",
                    "diff": "- 0x4275e6d5c3d64ce5f71589a4b67e66590fc0e8c0\n+ 0x7168634dd1ee48b1c5cc32b27fd8fc84e12d00e6\n"
                  },
                  "uuid": "4c81e131-2081-492c-a5a4-9d45f2f69d71",
                  "parentUUID": "462814de-7d6c-47a1-ac1c-ed85d1624b93",
                  "isHook": false,
                  "skipped": false
                },
                {
                  "title": "After pointer registration synthetic events will be available on synthetic endpoint sei_getBlockByNumber",
                  "fullTitle": "CW721 Tests Read operations for cw721 After pointer registration synthetic events will be available on synthetic endpoint sei_getBlockByNumber",
                  "timedOut": false,
                  "duration": 3,
                  "state": "failed",
                  "speed": null,
                  "pass": false,
                  "fail": true,
                  "pending": false,
                  "context": null,
                  "code": "const results=await rpcClient.checkAndReturnRpcResultsForBlock(evmAndCosmosBlockHeight-2,evmAndCosmosBlockHeight,endpoint,erc721PointerContract.target,topic);(0,import_chai.expect)(results.length).to.be.eq(2);if(endpoint.includes(\"Logs\")){results.forEach(result=>{(0,import_chai.expect)(result.address).to.be.eq(erc721PointerContract.target.toLowerCase());(0,import_chai.expect)(result.topics.length).to.be.eq(4);(0,import_chai.expect)(result.topics[0]).to.be.eq(topic.toLowerCase());(0,import_chai.expect)(import_ethers.ethers.getAddress(result.topics[1].slice(-40))).to.be.eq(alice.evmAddress);(0,import_chai.expect)(import_ethers.ethers.getAddress(result.topics[2].slice(-40))).to.be.eq(admin.evmAddress);(0,import_chai.expect)(import_ethers.ethers.getNumber(result.topics[3])).to.be.oneOf([2,5]);transactionIndexes[result.transactionHash]={\"transactionIndex\":result.transactionIndex,\"blockNumber\":result.blockNumber,\"blockHash\":result.blockHash,\"from\":import_ethers.ethers.getAddress(result.topics[1].slice(-40)),\"to\":import_ethers.ethers.getAddress(result.address.slice(-40))}})}else{const searchedTxs=results.filter(result=>result.from===alice.evmAddress.toLowerCase());searchedTxs.forEach(result=>{(0,import_chai.expect)(result.from).to.be.eq(alice.evmAddress.toLowerCase());(0,import_chai.expect)(result.to).to.be.eq(erc721PointerContract.target.toLowerCase())})}",
                  "err": {
                    "message": "AssertionError: expected '0x4275e6d5c3d64ce5f71589a4b67e66590fc…' to equal '0x7168634dd1ee48b1c5cc32b27fd8fc84e12…'",
                    "estack": "AssertionError: expected '0x4275e6d5c3d64ce5f71589a4b67e66590fc…' to equal '0x7168634dd1ee48b1c5cc32b27fd8fc84e12…'\n    at <anonymous> (tests/tokens/cw721.spec.ts:245:49)\n    at Array.forEach (<anonymous>)\n    at Context.<anonymous> (tests/tokens/cw721.spec.ts:243:33)\n    at process.processTicksAndRejections (node:internal/process/task_queues:105:5)",
                    "diff": "- 0x4275e6d5c3d64ce5f71589a4b67e66590fc0e8c0\n+ 0x7168634dd1ee48b1c5cc32b27fd8fc84e12d00e6\n"
                  },
                  "uuid": "cc38603d-6f87-4f9d-b0a6-b301e96d27a5",
                  "parentUUID": "462814de-7d6c-47a1-ac1c-ed85d1624b93",
                  "isHook": false,
                  "skipped": false
                },
                {
                  "title": "Synthetic log information matches with synthetic block information with sei_getBlockByHash",
                  "fullTitle": "CW721 Tests Read operations for cw721 Synthetic log information matches with synthetic block information with sei_getBlockByHash",
                  "timedOut": false,
                  "duration": 14,
                  "state": "failed",
                  "speed": null,
                  "pass": false,
                  "fail": true,
                  "pending": false,
                  "context": null,
                  "code": "const blockResult=await rpcClient.checkAndReturnRpcResultsForBlock(evmAndCosmosBlockHeight-2,evmAndCosmosBlockHeight,endpoint,\"\",topic);const searchedTxs=blockResult.filter(result=>result.from===alice.evmAddress.toLowerCase());searchedTxs.forEach(result=>{(0,import_chai.expect)(result.blockNumber).to.be.eq(transactionIndexes[result.hash].blockNumber);(0,import_chai.expect)(result.transactionIndex).to.be.eq(transactionIndexes[result.hash].transactionIndex);(0,import_chai.expect)(result.blockHash).to.be.eq(transactionIndexes[result.hash].blockHash);(0,import_chai.expect)(result.from).to.be.eq(transactionIndexes[result.hash].from.toLowerCase());(0,import_chai.expect)(result.to).to.be.eq(transactionIndexes[result.hash].to.toLowerCase())})",
                  "err": {
                    "message": "AssertionError: expected '0x4275e6d5c3d64ce5f71589a4b67e66590fc…' to equal '0x7168634dd1ee48b1c5cc32b27fd8fc84e12…'",
                    "estack": "AssertionError: expected '0x4275e6d5c3d64ce5f71589a4b67e66590fc…' to equal '0x7168634dd1ee48b1c5cc32b27fd8fc84e12…'\n    at <anonymous> (tests/tokens/cw721.spec.ts:260:45)\n    at Array.forEach (<anonymous>)\n    at Context.<anonymous> (tests/tokens/cw721.spec.ts:255:29)\n    at process.processTicksAndRejections (node:internal/process/task_queues:105:5)",
                    "diff": "- 0x4275e6d5c3d64ce5f71589a4b67e66590fc0e8c0\n+ 0x7168634dd1ee48b1c5cc32b27fd8fc84e12d00e6\n"
                  },
                  "uuid": "74050ab4-63ff-407b-a8e1-781f806fadaa",
                  "parentUUID": "462814de-7d6c-47a1-ac1c-ed85d1624b93",
                  "isHook": false,
                  "skipped": false
                },
                {
                  "title": "Synthetic log information matches with synthetic block information with sei_getBlockByNumber",
                  "fullTitle": "CW721 Tests Read operations for cw721 Synthetic log information matches with synthetic block information with sei_getBlockByNumber",
                  "timedOut": false,
                  "duration": 2,
                  "state": "failed",
                  "speed": null,
                  "pass": false,
                  "fail": true,
                  "pending": false,
                  "context": null,
                  "code": "const blockResult=await rpcClient.checkAndReturnRpcResultsForBlock(evmAndCosmosBlockHeight-2,evmAndCosmosBlockHeight,endpoint,\"\",topic);const searchedTxs=blockResult.filter(result=>result.from===alice.evmAddress.toLowerCase());searchedTxs.forEach(result=>{(0,import_chai.expect)(result.blockNumber).to.be.eq(transactionIndexes[result.hash].blockNumber);(0,import_chai.expect)(result.transactionIndex).to.be.eq(transactionIndexes[result.hash].transactionIndex);(0,import_chai.expect)(result.blockHash).to.be.eq(transactionIndexes[result.hash].blockHash);(0,import_chai.expect)(result.from).to.be.eq(transactionIndexes[result.hash].from.toLowerCase());(0,import_chai.expect)(result.to).to.be.eq(transactionIndexes[result.hash].to.toLowerCase())})",
                  "err": {
                    "message": "AssertionError: expected '0x4275e6d5c3d64ce5f71589a4b67e66590fc…' to equal '0x7168634dd1ee48b1c5cc32b27fd8fc84e12…'",
                    "estack": "AssertionError: expected '0x4275e6d5c3d64ce5f71589a4b67e66590fc…' to equal '0x7168634dd1ee48b1c5cc32b27fd8fc84e12…'\n    at <anonymous> (tests/tokens/cw721.spec.ts:260:45)\n    at Array.forEach (<anonymous>)\n    at Context.<anonymous> (tests/tokens/cw721.spec.ts:255:29)\n    at process.processTicksAndRejections (node:internal/process/task_queues:105:5)",
                    "diff": "- 0x4275e6d5c3d64ce5f71589a4b67e66590fc0e8c0\n+ 0x7168634dd1ee48b1c5cc32b27fd8fc84e12d00e6\n"
                  },
                  "uuid": "67f449bd-4fe9-41c2-84a0-be5533dc95c4",
                  "parentUUID": "462814de-7d6c-47a1-ac1c-ed85d1624b93",
                  "isHook": false,
                  "skipped": false
                },
                {
                  "title": "After pointer registration evm native events will be available on evm endpoint eth_getLogs",
                  "fullTitle": "CW721 Tests Read operations for cw721 After pointer registration evm native events will be available on evm endpoint eth_getLogs",
                  "timedOut": false,
                  "duration": 4,
                  "state": "passed",
                  "speed": "fast",
                  "pass": true,
                  "fail": false,
                  "pending": false,
                  "context": null,
                  "code": "const results=await rpcClient.checkAndReturnRpcResultsForBlock(evmAndCosmosBlockHeight-2,evmAndCosmosBlockHeight,endpoint,erc721PointerContract.target,topic);(0,import_chai.expect)(results.length).to.be.eq(1);if(endpoint.includes(\"Logs\")){results.forEach(result=>{(0,import_chai.expect)(result.address.toLowerCase()).to.be.eq(erc721PointerContract.target.toLowerCase());(0,import_chai.expect)(result.topics.length).to.be.eq(4);(0,import_chai.expect)(result.topics[0]).to.be.eq(topic);(0,import_chai.expect)(import_ethers.ethers.getAddress(result.topics[1].slice(-40))).to.be.eq(alice.evmAddress);(0,import_chai.expect)(import_ethers.ethers.getAddress(result.topics[2].slice(-40))).to.be.eq(admin.evmAddress);(0,import_chai.expect)(import_ethers.ethers.getNumber(result.topics[3])).to.be.eq(5);transactionIndexes[result.transactionHash]={\"transactionIndex\":result.transactionIndex,\"blockNumber\":result.blockNumber,\"blockHash\":result.blockHash,\"from\":import_ethers.ethers.getAddress(result.topics[1].slice(-40)),\"to\":import_ethers.ethers.getAddress(result.address.slice(-40))}})}else{const searchedTxs=results.filter(result=>result.from===alice.evmAddress.toLowerCase());searchedTxs.forEach(result=>{(0,import_chai.expect)(result.from).to.be.eq(alice.evmAddress.toLowerCase());(0,import_chai.expect)(result.to).to.be.eq(erc721PointerContract.target.toLowerCase())})}",
                  "err": {},
                  "uuid": "f60e8c10-9d5b-46a4-9868-e47efd0c0367",
                  "parentUUID": "462814de-7d6c-47a1-ac1c-ed85d1624b93",
                  "isHook": false,
                  "skipped": false
                },
                {
                  "title": "After pointer registration evm native events will be available on evm endpoint eth_getFilterLogs",
                  "fullTitle": "CW721 Tests Read operations for cw721 After pointer registration evm native events will be available on evm endpoint eth_getFilterLogs",
                  "timedOut": false,
                  "duration": 4,
                  "state": "passed",
                  "speed": "fast",
                  "pass": true,
                  "fail": false,
                  "pending": false,
                  "context": null,
                  "code": "const results=await rpcClient.checkAndReturnRpcResultsForBlock(evmAndCosmosBlockHeight-2,evmAndCosmosBlockHeight,endpoint,erc721PointerContract.target,topic);(0,import_chai.expect)(results.length).to.be.eq(1);if(endpoint.includes(\"Logs\")){results.forEach(result=>{(0,import_chai.expect)(result.address.toLowerCase()).to.be.eq(erc721PointerContract.target.toLowerCase());(0,import_chai.expect)(result.topics.length).to.be.eq(4);(0,import_chai.expect)(result.topics[0]).to.be.eq(topic);(0,import_chai.expect)(import_ethers.ethers.getAddress(result.topics[1].slice(-40))).to.be.eq(alice.evmAddress);(0,import_chai.expect)(import_ethers.ethers.getAddress(result.topics[2].slice(-40))).to.be.eq(admin.evmAddress);(0,import_chai.expect)(import_ethers.ethers.getNumber(result.topics[3])).to.be.eq(5);transactionIndexes[result.transactionHash]={\"transactionIndex\":result.transactionIndex,\"blockNumber\":result.blockNumber,\"blockHash\":result.blockHash,\"from\":import_ethers.ethers.getAddress(result.topics[1].slice(-40)),\"to\":import_ethers.ethers.getAddress(result.address.slice(-40))}})}else{const searchedTxs=results.filter(result=>result.from===alice.evmAddress.toLowerCase());searchedTxs.forEach(result=>{(0,import_chai.expect)(result.from).to.be.eq(alice.evmAddress.toLowerCase());(0,import_chai.expect)(result.to).to.be.eq(erc721PointerContract.target.toLowerCase())})}",
                  "err": {},
                  "uuid": "d4eec69e-5834-4be7-b55a-facc1f825751",
                  "parentUUID": "462814de-7d6c-47a1-ac1c-ed85d1624b93",
                  "isHook": false,
                  "skipped": false
                },
                {
                  "title": "After pointer registration evm native events will be available on evm endpoint eth_getBlockByHash",
                  "fullTitle": "CW721 Tests Read operations for cw721 After pointer registration evm native events will be available on evm endpoint eth_getBlockByHash",
                  "timedOut": false,
                  "duration": 14,
                  "state": "passed",
                  "speed": "fast",
                  "pass": true,
                  "fail": false,
                  "pending": false,
                  "context": null,
                  "code": "const results=await rpcClient.checkAndReturnRpcResultsForBlock(evmAndCosmosBlockHeight-2,evmAndCosmosBlockHeight,endpoint,erc721PointerContract.target,topic);(0,import_chai.expect)(results.length).to.be.eq(1);if(endpoint.includes(\"Logs\")){results.forEach(result=>{(0,import_chai.expect)(result.address.toLowerCase()).to.be.eq(erc721PointerContract.target.toLowerCase());(0,import_chai.expect)(result.topics.length).to.be.eq(4);(0,import_chai.expect)(result.topics[0]).to.be.eq(topic);(0,import_chai.expect)(import_ethers.ethers.getAddress(result.topics[1].slice(-40))).to.be.eq(alice.evmAddress);(0,import_chai.expect)(import_ethers.ethers.getAddress(result.topics[2].slice(-40))).to.be.eq(admin.evmAddress);(0,import_chai.expect)(import_ethers.ethers.getNumber(result.topics[3])).to.be.eq(5);transactionIndexes[result.transactionHash]={\"transactionIndex\":result.transactionIndex,\"blockNumber\":result.blockNumber,\"blockHash\":result.blockHash,\"from\":import_ethers.ethers.getAddress(result.topics[1].slice(-40)),\"to\":import_ethers.ethers.getAddress(result.address.slice(-40))}})}else{const searchedTxs=results.filter(result=>result.from===alice.evmAddress.toLowerCase());searchedTxs.forEach(result=>{(0,import_chai.expect)(result.from).to.be.eq(alice.evmAddress.toLowerCase());(0,import_chai.expect)(result.to).to.be.eq(erc721PointerContract.target.toLowerCase())})}",
                  "err": {},
                  "uuid": "a749cb93-a3a2-4e73-8454-d3c1dc051c04",
                  "parentUUID": "462814de-7d6c-47a1-ac1c-ed85d1624b93",
                  "isHook": false,
                  "skipped": false
                },
                {
                  "title": "After pointer registration evm native events will be available on evm endpoint eth_getBlockByNumber",
                  "fullTitle": "CW721 Tests Read operations for cw721 After pointer registration evm native events will be available on evm endpoint eth_getBlockByNumber",
                  "timedOut": false,
                  "duration": 2,
                  "state": "passed",
                  "speed": "fast",
                  "pass": true,
                  "fail": false,
                  "pending": false,
                  "context": null,
                  "code": "const results=await rpcClient.checkAndReturnRpcResultsForBlock(evmAndCosmosBlockHeight-2,evmAndCosmosBlockHeight,endpoint,erc721PointerContract.target,topic);(0,import_chai.expect)(results.length).to.be.eq(1);if(endpoint.includes(\"Logs\")){results.forEach(result=>{(0,import_chai.expect)(result.address.toLowerCase()).to.be.eq(erc721PointerContract.target.toLowerCase());(0,import_chai.expect)(result.topics.length).to.be.eq(4);(0,import_chai.expect)(result.topics[0]).to.be.eq(topic);(0,import_chai.expect)(import_ethers.ethers.getAddress(result.topics[1].slice(-40))).to.be.eq(alice.evmAddress);(0,import_chai.expect)(import_ethers.ethers.getAddress(result.topics[2].slice(-40))).to.be.eq(admin.evmAddress);(0,import_chai.expect)(import_ethers.ethers.getNumber(result.topics[3])).to.be.eq(5);transactionIndexes[result.transactionHash]={\"transactionIndex\":result.transactionIndex,\"blockNumber\":result.blockNumber,\"blockHash\":result.blockHash,\"from\":import_ethers.ethers.getAddress(result.topics[1].slice(-40)),\"to\":import_ethers.ethers.getAddress(result.address.slice(-40))}})}else{const searchedTxs=results.filter(result=>result.from===alice.evmAddress.toLowerCase());searchedTxs.forEach(result=>{(0,import_chai.expect)(result.from).to.be.eq(alice.evmAddress.toLowerCase());(0,import_chai.expect)(result.to).to.be.eq(erc721PointerContract.target.toLowerCase())})}",
                  "err": {},
                  "uuid": "0633a8b8-9a54-47d2-8a4d-3e587348d050",
                  "parentUUID": "462814de-7d6c-47a1-ac1c-ed85d1624b93",
                  "isHook": false,
                  "skipped": false
                },
                {
                  "title": "Evm log information matches with evm block information with eth_getBlockByHash",
                  "fullTitle": "CW721 Tests Read operations for cw721 Evm log information matches with evm block information with eth_getBlockByHash",
                  "timedOut": false,
                  "duration": 15,
                  "state": "passed",
                  "speed": "fast",
                  "pass": true,
                  "fail": false,
                  "pending": false,
                  "context": null,
                  "code": "const blockResult=await rpcClient.checkAndReturnRpcResultsForBlock(evmAndCosmosBlockHeight-2,evmAndCosmosBlockHeight,endpoint,\"\",topic);blockResult.forEach(result=>{(0,import_chai.expect)(result.blockNumber).to.be.eq(transactionIndexes[result.hash].blockNumber);(0,import_chai.expect)(result.transactionIndex).to.be.eq(transactionIndexes[result.hash].transactionIndex);(0,import_chai.expect)(result.blockHash).to.be.eq(transactionIndexes[result.hash].blockHash);(0,import_chai.expect)(result.from).to.be.eq(transactionIndexes[result.hash].from.toLowerCase());(0,import_chai.expect)(result.to).to.be.eq(transactionIndexes[result.hash].to.toLowerCase())})",
                  "err": {},
                  "uuid": "e3ca8ca4-84cf-430d-bd21-a4f36f7e9478",
                  "parentUUID": "462814de-7d6c-47a1-ac1c-ed85d1624b93",
                  "isHook": false,
                  "skipped": false
                },
                {
                  "title": "Evm log information matches with evm block information with eth_getBlockByNumber",
                  "fullTitle": "CW721 Tests Read operations for cw721 Evm log information matches with evm block information with eth_getBlockByNumber",
                  "timedOut": false,
                  "duration": 2,
                  "state": "passed",
                  "speed": "fast",
                  "pass": true,
                  "fail": false,
                  "pending": false,
                  "context": null,
                  "code": "const blockResult=await rpcClient.checkAndReturnRpcResultsForBlock(evmAndCosmosBlockHeight-2,evmAndCosmosBlockHeight,endpoint,\"\",topic);blockResult.forEach(result=>{(0,import_chai.expect)(result.blockNumber).to.be.eq(transactionIndexes[result.hash].blockNumber);(0,import_chai.expect)(result.transactionIndex).to.be.eq(transactionIndexes[result.hash].transactionIndex);(0,import_chai.expect)(result.blockHash).to.be.eq(transactionIndexes[result.hash].blockHash);(0,import_chai.expect)(result.from).to.be.eq(transactionIndexes[result.hash].from.toLowerCase());(0,import_chai.expect)(result.to).to.be.eq(transactionIndexes[result.hash].to.toLowerCase())})",
                  "err": {},
                  "uuid": "7f369772-3b13-4db4-84aa-e70c40d71046",
                  "parentUUID": "462814de-7d6c-47a1-ac1c-ed85d1624b93",
                  "isHook": false,
                  "skipped": false
                },
                {
                  "title": "Given that there are txs on evm side, debug trace block returns all txs",
                  "fullTitle": "CW721 Tests Read operations for cw721 Given that there are txs on evm side, debug trace block returns all txs",
                  "timedOut": false,
                  "duration": 16,
                  "state": "passed",
                  "speed": "fast",
                  "pass": true,
                  "fail": false,
                  "pending": false,
                  "context": null,
                  "code": "traceOptions={disableStorage:true,disableStack:true,enableMemory:true,enableReturnData:true,timeout:\"50s\",tracer:\"callTracer\",tracerConfig:{onlyTopCall:false,withLog:true}};debugBlockResults=await rpcClient.debugTraceByBlockNumber(import_ethers.ethers.toQuantity(evmAndCosmosBlockHeight),traceOptions);(0,import_chai.expect)(debugBlockResults.length).to.be.eq(1)",
                  "err": {},
                  "uuid": "f80da339-3135-4fcf-8d11-f6c00276b95a",
                  "parentUUID": "462814de-7d6c-47a1-ac1c-ed85d1624b93",
                  "isHook": false,
                  "skipped": false
                },
                {
                  "title": "Debug trace results matches with eth_getTransactionByHash call",
                  "fullTitle": "CW721 Tests Read operations for cw721 Debug trace results matches with eth_getTransactionByHash call",
                  "timedOut": false,
                  "duration": 2,
                  "state": "passed",
                  "speed": "fast",
                  "pass": true,
                  "fail": false,
                  "pending": false,
                  "context": null,
                  "code": "const ethResponse=await rpcClient.getTransactionByHash(debugBlockResults[0].txHash);(0,import_chai.expect)(debugBlockResults[0].txHash).to.be.eq(ethResponse.hash);(0,import_chai.expect)(debugBlockResults[0].result.from).to.be.eq(ethResponse.from);(0,import_chai.expect)(debugBlockResults[0].result.to).to.be.eq(ethResponse.to);(0,import_chai.expect)(debugBlockResults[0].result.gas).to.be.eq(ethResponse.gas);(0,import_chai.expect)(debugBlockResults[0].result.input).to.be.eq(ethResponse.input)",
                  "err": {},
                  "uuid": "6d0bc95a-cb94-472e-a8a5-4016434dbc26",
                  "parentUUID": "462814de-7d6c-47a1-ac1c-ed85d1624b93",
                  "isHook": false,
                  "skipped": false
                },
                {
                  "title": "Debug trace results matches with eth_getTransactionReceipt call",
                  "fullTitle": "CW721 Tests Read operations for cw721 Debug trace results matches with eth_getTransactionReceipt call",
                  "timedOut": false,
                  "duration": 2,
                  "state": "passed",
                  "speed": "fast",
                  "pass": true,
                  "fail": false,
                  "pending": false,
                  "context": null,
                  "code": "const ethResponse=await rpcClient.getTransactionReceipt(debugBlockResults[0].txHash);(0,import_chai.expect)(debugBlockResults[0].txHash).to.be.eq(ethResponse.transactionHash);(0,import_chai.expect)(debugBlockResults[0].result.from).to.be.eq(ethResponse.from);(0,import_chai.expect)(debugBlockResults[0].result.to).to.be.eq(ethResponse.to);(0,import_chai.expect)(debugBlockResults[0].result.gasUsed).to.be.eq(ethResponse.gasUsed)",
                  "err": {},
                  "uuid": "89c90a14-17fe-4e3a-997f-858be006d13f",
                  "parentUUID": "462814de-7d6c-47a1-ac1c-ed85d1624b93",
                  "isHook": false,
                  "skipped": false
                },
                {
                  "title": "Can debug trace transaction",
                  "fullTitle": "CW721 Tests Read operations for cw721 Can debug trace transaction",
                  "timedOut": false,
                  "duration": 10,
                  "state": "passed",
                  "speed": "fast",
                  "pass": true,
                  "fail": false,
                  "pending": false,
                  "context": null,
                  "code": "const debugResult=await rpcClient.debugTraceTransaction(debugBlockResults[0].txHash,traceOptions);(0,import_chai.expect)(debugBlockResults[0].result.from).to.be.eq(debugResult.from);(0,import_chai.expect)(debugBlockResults[0].result.to).to.be.eq(debugResult.to);(0,import_chai.expect)(debugBlockResults[0].result.gasUsed).to.be.eq(debugResult.gasUsed);(0,import_chai.expect)(debugBlockResults[0].result.gas).to.be.eq(debugResult.gas);(0,import_chai.expect)(debugBlockResults[0].result.input).to.be.eq(debugResult.input)",
                  "err": {},
                  "uuid": "0438575c-be7b-489a-8c8a-3485b735890e",
                  "parentUUID": "462814de-7d6c-47a1-ac1c-ed85d1624b93",
                  "isHook": false,
                  "skipped": false
                },
                {
                  "title": "Debug trace returns correct information with eth_getBlockReceipts",
                  "fullTitle": "CW721 Tests Read operations for cw721 Debug trace returns correct information with eth_getBlockReceipts",
                  "timedOut": false,
                  "duration": 6,
                  "state": "passed",
                  "speed": "fast",
                  "pass": true,
                  "fail": false,
                  "pending": false,
                  "context": null,
                  "code": "const ethResponse=await rpcClient.getBlockReceipts(import_ethers.ethers.toQuantity(evmAndCosmosBlockHeight));(0,import_chai.expect)(debugBlockResults[0].txHash).to.be.eq(ethResponse[0].transactionHash);(0,import_chai.expect)(debugBlockResults[0].result.from).to.be.eq(ethResponse[0].from);(0,import_chai.expect)(debugBlockResults[0].result.to).to.be.eq(ethResponse[0].to);(0,import_chai.expect)(debugBlockResults[0].result.gasUsed).to.be.eq(ethResponse[0].gasUsed)",
                  "err": {},
                  "uuid": "c5042449-47d4-4175-a053-c2dcde5f3599",
                  "parentUUID": "462814de-7d6c-47a1-ac1c-ed85d1624b93",
                  "isHook": false,
                  "skipped": false
                }
              ],
              "suites": [],
              "passes": [
                "a7667775-58cc-4e72-829f-b00557bdf8fa",
                "a5142d11-c274-434a-9918-04bb7747854b",
                "f60e8c10-9d5b-46a4-9868-e47efd0c0367",
                "d4eec69e-5834-4be7-b55a-facc1f825751",
                "a749cb93-a3a2-4e73-8454-d3c1dc051c04",
                "0633a8b8-9a54-47d2-8a4d-3e587348d050",
                "e3ca8ca4-84cf-430d-bd21-a4f36f7e9478",
                "7f369772-3b13-4db4-84aa-e70c40d71046",
                "f80da339-3135-4fcf-8d11-f6c00276b95a",
                "6d0bc95a-cb94-472e-a8a5-4016434dbc26",
                "89c90a14-17fe-4e3a-997f-858be006d13f",
                "0438575c-be7b-489a-8c8a-3485b735890e",
                "c5042449-47d4-4175-a053-c2dcde5f3599"
              ],
              "failures": [
                "4c81e131-2081-492c-a5a4-9d45f2f69d71",
                "cc38603d-6f87-4f9d-b0a6-b301e96d27a5",
                "74050ab4-63ff-407b-a8e1-781f806fadaa",
                "67f449bd-4fe9-41c2-84a0-be5533dc95c4"
              ],
              "pending": [],
              "skipped": [],
              "duration": 126,
              "root": false,
              "rootEmpty": false,
              "_timeout": 600000
            }
          ],
          "passes": [],
          "failures": [],
          "pending": [],
          "skipped": [],
          "duration": 0,
          "root": false,
          "rootEmpty": false,
          "_timeout": 600000
        }
      ],
      "passes": [],
      "failures": [],
      "pending": [],
      "skipped": [],
      "duration": 0,
      "root": true,
      "rootEmpty": true,
      "_timeout": 2000
    }
  ],
  "meta": {
    "mocha": {
      "version": "11.1.0"
    },
    "mochawesome": {
      "options": {
        "quiet": false,
        "reportFilename": "mochawesome",
        "saveHtml": true,
        "saveJson": true,
        "consoleReporter": "spec",
        "useInlineDiffs": false,
        "code": true
      },
      "version": "7.1.3"
    },
    "marge": {
      "options": null,
      "version": "6.2.0"
    }
  }
}